2022-10-18 10:34:29,419 [Worker-4: Loading available Gradle versions] INFO  o.e.b.c.i.u.g.PublishedGradleVersions - Gradle version information cache is up-to-date. Trying to read.
2022-10-18 10:34:57,272 [Worker-4: Importing Maven projects] INFO  o.e.m.c.i.l.LifecycleMappingFactory - Using org.eclipse.m2e.jdt.JarLifecycleMapping lifecycle mapping for MavenProject: tgm:olphonia:0.0.1-SNAPSHOT @ /home/markus/Documents/OlphoniaServer/eclipse/olphonia/pom.xml.
2022-10-18 10:34:57,437 [Worker-4: Importing Maven projects] INFO  o.e.m.j.i.AbstractJavaProjectConfigurator - Adding source folder /olphonia/src/main/java
2022-10-18 10:34:57,438 [Worker-4: Importing Maven projects] INFO  o.e.m.j.i.AbstractJavaProjectConfigurator - Adding source folder /olphonia/src/test/java
2022-10-18 10:34:57,467 [Worker-4: Importing Maven projects] INFO  o.e.m.c.i.p.ProjectConfigurationManager - Imported and configured 1 project(s) in 1 sec
2022-10-18 10:34:58,647 [Worker-9: Building] INFO  o.e.m.c.i.embedder.EclipseLogger - Using 'UTF-8' encoding to copy filtered resources.
2022-10-18 10:34:58,647 [Worker-9: Building] INFO  o.e.m.c.i.embedder.EclipseLogger - skip non existing resourceDirectory /home/markus/Documents/OlphoniaServer/eclipse/olphonia/src/main/resources
2022-10-18 10:34:58,649 [Worker-9: Building] INFO  o.e.m.c.i.embedder.EclipseLogger - Using 'UTF-8' encoding to copy filtered resources.
2022-10-18 10:34:58,649 [Worker-9: Building] INFO  o.e.m.c.i.embedder.EclipseLogger - skip non existing resourceDirectory /home/markus/Documents/OlphoniaServer/eclipse/olphonia/src/test/resources
2022-10-18 10:35:13,078 [Worker-3: Importing Maven projects] INFO  o.e.m.c.i.l.LifecycleMappingFactory - Using org.eclipse.m2e.jdt.JarLifecycleMapping lifecycle mapping for MavenProject: tgm:client:0.0.1-SNAPSHOT @ /home/markus/Documents/OlphoniaServer/eclipse/client/pom.xml.
2022-10-18 10:35:13,111 [Worker-3: Importing Maven projects] INFO  o.e.m.j.i.AbstractJavaProjectConfigurator - Adding source folder /client/src/main/java
2022-10-18 10:35:13,112 [Worker-3: Importing Maven projects] INFO  o.e.m.j.i.AbstractJavaProjectConfigurator - Adding source folder /client/src/test/java
2022-10-18 10:35:13,132 [Worker-3: Importing Maven projects] INFO  o.e.m.c.i.p.ProjectConfigurationManager - Imported and configured 1 project(s) in 0 sec
2022-10-18 10:35:13,340 [Worker-10: Building] INFO  o.e.m.c.i.embedder.EclipseLogger - Using 'UTF-8' encoding to copy filtered resources.
2022-10-18 10:35:13,340 [Worker-10: Building] INFO  o.e.m.c.i.embedder.EclipseLogger - skip non existing resourceDirectory /home/markus/Documents/OlphoniaServer/eclipse/client/src/main/resources
2022-10-18 10:35:13,343 [Worker-10: Building] INFO  o.e.m.c.i.embedder.EclipseLogger - Using 'UTF-8' encoding to copy filtered resources.
2022-10-18 10:35:13,343 [Worker-10: Building] INFO  o.e.m.c.i.embedder.EclipseLogger - skip non existing resourceDirectory /home/markus/Documents/OlphoniaServer/eclipse/client/src/test/resources
2022-10-18 10:35:14,414 [Worker-10: Building] INFO  o.e.m.c.i.embedder.EclipseLogger - Using 'UTF-8' encoding to copy filtered resources.
2022-10-18 10:35:14,415 [Worker-10: Building] INFO  o.e.m.c.i.embedder.EclipseLogger - skip non existing resourceDirectory /home/markus/Documents/OlphoniaServer/eclipse/client/src/main/resources
2022-10-18 10:35:14,417 [Worker-10: Building] INFO  o.e.m.c.i.embedder.EclipseLogger - Using 'UTF-8' encoding to copy filtered resources.
2022-10-18 10:35:14,417 [Worker-10: Building] INFO  o.e.m.c.i.embedder.EclipseLogger - skip non existing resourceDirectory /home/markus/Documents/OlphoniaServer/eclipse/client/src/test/resources
2022-10-18 10:35:21,167 [Worker-2: Building] INFO  o.e.m.c.i.embedder.EclipseLogger - Using 'UTF-8' encoding to copy filtered resources.
2022-10-18 10:35:21,167 [Worker-2: Building] INFO  o.e.m.c.i.embedder.EclipseLogger - skip non existing resourceDirectory /home/markus/Documents/OlphoniaServer/eclipse/client/src/main/resources
2022-10-18 10:35:21,168 [Worker-2: Building] INFO  o.e.m.c.i.embedder.EclipseLogger - Using 'UTF-8' encoding to copy filtered resources.
2022-10-18 10:35:21,169 [Worker-2: Building] INFO  o.e.m.c.i.embedder.EclipseLogger - skip non existing resourceDirectory /home/markus/Documents/OlphoniaServer/eclipse/client/src/test/resources
2022-10-18 10:35:21,173 [Worker-2: Building] INFO  o.e.m.c.i.embedder.EclipseLogger - Using 'UTF-8' encoding to copy filtered resources.
2022-10-18 10:35:21,173 [Worker-2: Building] INFO  o.e.m.c.i.embedder.EclipseLogger - skip non existing resourceDirectory /home/markus/Documents/OlphoniaServer/eclipse/olphonia/src/main/resources
2022-10-18 10:35:21,175 [Worker-2: Building] INFO  o.e.m.c.i.embedder.EclipseLogger - Using 'UTF-8' encoding to copy filtered resources.
2022-10-18 10:35:21,175 [Worker-2: Building] INFO  o.e.m.c.i.embedder.EclipseLogger - skip non existing resourceDirectory /home/markus/Documents/OlphoniaServer/eclipse/olphonia/src/test/resources
2022-10-18 10:35:32,022 [Worker-5: Building] INFO  o.e.m.c.i.embedder.EclipseLogger - Using 'UTF-8' encoding to copy filtered resources.
2022-10-18 10:35:32,022 [Worker-5: Building] INFO  o.e.m.c.i.embedder.EclipseLogger - skip non existing resourceDirectory /home/markus/Documents/OlphoniaServer/eclipse/olphonia/src/main/resources
2022-10-18 10:35:32,024 [Worker-5: Building] INFO  o.e.m.c.i.embedder.EclipseLogger - Using 'UTF-8' encoding to copy filtered resources.
2022-10-18 10:35:32,024 [Worker-5: Building] INFO  o.e.m.c.i.embedder.EclipseLogger - skip non existing resourceDirectory /home/markus/Documents/OlphoniaServer/eclipse/olphonia/src/test/resources
2022-10-18 10:36:55,806 [Worker-7: Building] INFO  o.e.m.c.i.embedder.EclipseLogger - Using 'UTF-8' encoding to copy filtered resources.
2022-10-18 10:36:55,806 [Worker-7: Building] INFO  o.e.m.c.i.embedder.EclipseLogger - skip non existing resourceDirectory /home/markus/Documents/OlphoniaServer/eclipse/olphonia/src/main/resources
2022-10-18 10:36:55,808 [Worker-7: Building] INFO  o.e.m.c.i.embedder.EclipseLogger - Using 'UTF-8' encoding to copy filtered resources.
2022-10-18 10:36:55,808 [Worker-7: Building] INFO  o.e.m.c.i.embedder.EclipseLogger - skip non existing resourceDirectory /home/markus/Documents/OlphoniaServer/eclipse/olphonia/src/test/resources
2022-10-18 10:37:59,831 [Worker-0: Building] INFO  o.e.m.c.i.embedder.EclipseLogger - Using 'UTF-8' encoding to copy filtered resources.
2022-10-18 10:37:59,831 [Worker-0: Building] INFO  o.e.m.c.i.embedder.EclipseLogger - skip non existing resourceDirectory /home/markus/Documents/OlphoniaServer/eclipse/client/src/main/resources
2022-10-18 10:37:59,835 [Worker-0: Building] INFO  o.e.m.c.i.embedder.EclipseLogger - Using 'UTF-8' encoding to copy filtered resources.
2022-10-18 10:37:59,835 [Worker-0: Building] INFO  o.e.m.c.i.embedder.EclipseLogger - skip non existing resourceDirectory /home/markus/Documents/OlphoniaServer/eclipse/client/src/test/resources
2022-10-18 10:37:59,841 [Worker-0: Building] INFO  o.e.m.c.i.embedder.EclipseLogger - Using 'UTF-8' encoding to copy filtered resources.
2022-10-18 10:37:59,841 [Worker-0: Building] INFO  o.e.m.c.i.embedder.EclipseLogger - skip non existing resourceDirectory /home/markus/Documents/OlphoniaServer/eclipse/olphonia/src/main/resources
2022-10-18 10:37:59,843 [Worker-0: Building] INFO  o.e.m.c.i.embedder.EclipseLogger - Using 'UTF-8' encoding to copy filtered resources.
2022-10-18 10:37:59,843 [Worker-0: Building] INFO  o.e.m.c.i.embedder.EclipseLogger - skip non existing resourceDirectory /home/markus/Documents/OlphoniaServer/eclipse/olphonia/src/test/resources
2022-10-18 10:38:23,338 [Worker-6: Building] INFO  o.e.m.c.i.embedder.EclipseLogger - Using 'UTF-8' encoding to copy filtered resources.
2022-10-18 10:38:23,338 [Worker-6: Building] INFO  o.e.m.c.i.embedder.EclipseLogger - skip non existing resourceDirectory /home/markus/Documents/OlphoniaServer/eclipse/olphonia/src/main/resources
2022-10-18 10:38:23,340 [Worker-6: Building] INFO  o.e.m.c.i.embedder.EclipseLogger - Using 'UTF-8' encoding to copy filtered resources.
2022-10-18 10:38:23,341 [Worker-6: Building] INFO  o.e.m.c.i.embedder.EclipseLogger - skip non existing resourceDirectory /home/markus/Documents/OlphoniaServer/eclipse/olphonia/src/test/resources
2022-10-18 10:38:45,436 [Worker-7: Building] INFO  o.e.m.c.i.embedder.EclipseLogger - Using 'UTF-8' encoding to copy filtered resources.
2022-10-18 10:38:45,436 [Worker-7: Building] INFO  o.e.m.c.i.embedder.EclipseLogger - skip non existing resourceDirectory /home/markus/Documents/OlphoniaServer/eclipse/client/src/main/resources
2022-10-18 10:38:45,438 [Worker-7: Building] INFO  o.e.m.c.i.embedder.EclipseLogger - Using 'UTF-8' encoding to copy filtered resources.
2022-10-18 10:38:45,438 [Worker-7: Building] INFO  o.e.m.c.i.embedder.EclipseLogger - skip non existing resourceDirectory /home/markus/Documents/OlphoniaServer/eclipse/client/src/test/resources
2022-10-18 10:38:59,630 [Worker-11: Building] INFO  o.e.m.c.i.embedder.EclipseLogger - Using 'UTF-8' encoding to copy filtered resources.
2022-10-18 10:38:59,630 [Worker-11: Building] INFO  o.e.m.c.i.embedder.EclipseLogger - skip non existing resourceDirectory /home/markus/Documents/OlphoniaServer/eclipse/client/src/main/resources
2022-10-18 10:38:59,632 [Worker-11: Building] INFO  o.e.m.c.i.embedder.EclipseLogger - Using 'UTF-8' encoding to copy filtered resources.
2022-10-18 10:38:59,632 [Worker-11: Building] INFO  o.e.m.c.i.embedder.EclipseLogger - skip non existing resourceDirectory /home/markus/Documents/OlphoniaServer/eclipse/client/src/test/resources
2022-10-18 10:39:40,412 [Worker-11: Building] INFO  o.e.m.c.i.embedder.EclipseLogger - Using 'UTF-8' encoding to copy filtered resources.
2022-10-18 10:39:40,412 [Worker-11: Building] INFO  o.e.m.c.i.embedder.EclipseLogger - skip non existing resourceDirectory /home/markus/Documents/OlphoniaServer/eclipse/olphonia/src/main/resources
2022-10-18 10:39:40,413 [Worker-11: Building] INFO  o.e.m.c.i.embedder.EclipseLogger - Using 'UTF-8' encoding to copy filtered resources.
2022-10-18 10:39:40,413 [Worker-11: Building] INFO  o.e.m.c.i.embedder.EclipseLogger - skip non existing resourceDirectory /home/markus/Documents/OlphoniaServer/eclipse/olphonia/src/test/resources
2022-10-18 10:39:41,438 [Worker-7: Building] INFO  o.e.m.c.i.embedder.EclipseLogger - Using 'UTF-8' encoding to copy filtered resources.
2022-10-18 10:39:41,438 [Worker-7: Building] INFO  o.e.m.c.i.embedder.EclipseLogger - skip non existing resourceDirectory /home/markus/Documents/OlphoniaServer/eclipse/olphonia/src/main/resources
2022-10-18 10:39:41,444 [Worker-7: Building] INFO  o.e.m.c.i.embedder.EclipseLogger - Using 'UTF-8' encoding to copy filtered resources.
2022-10-18 10:39:41,444 [Worker-7: Building] INFO  o.e.m.c.i.embedder.EclipseLogger - skip non existing resourceDirectory /home/markus/Documents/OlphoniaServer/eclipse/olphonia/src/test/resources
2022-10-18 13:10:30,033 [Worker-4: Loading available Gradle versions] INFO  o.e.b.c.i.u.g.PublishedGradleVersions - Gradle version information cache is up-to-date. Trying to read.
2022-10-18 13:10:31,518 [Worker-6: Building] INFO  o.e.m.c.i.embedder.EclipseLogger - Using 'UTF-8' encoding to copy filtered resources.
2022-10-18 13:10:31,518 [Worker-6: Building] INFO  o.e.m.c.i.embedder.EclipseLogger - skip non existing resourceDirectory /home/markus/Documents/Olphonia/OlphoniaServer/eclipse/client/src/main/resources
2022-10-18 13:10:31,523 [Worker-6: Building] INFO  o.e.m.c.i.embedder.EclipseLogger - Using 'UTF-8' encoding to copy filtered resources.
2022-10-18 13:10:31,523 [Worker-6: Building] INFO  o.e.m.c.i.embedder.EclipseLogger - skip non existing resourceDirectory /home/markus/Documents/Olphonia/OlphoniaServer/eclipse/client/src/test/resources
2022-10-18 13:10:31,903 [Worker-6: Building] INFO  o.e.m.c.i.embedder.EclipseLogger - Using 'UTF-8' encoding to copy filtered resources.
2022-10-18 13:10:31,903 [Worker-6: Building] INFO  o.e.m.c.i.embedder.EclipseLogger - skip non existing resourceDirectory /home/markus/Documents/Olphonia/OlphoniaServer/eclipse/olphonia/src/main/resources
2022-10-18 13:10:31,906 [Worker-6: Building] INFO  o.e.m.c.i.embedder.EclipseLogger - Using 'UTF-8' encoding to copy filtered resources.
2022-10-18 13:10:31,906 [Worker-6: Building] INFO  o.e.m.c.i.embedder.EclipseLogger - skip non existing resourceDirectory /home/markus/Documents/Olphonia/OlphoniaServer/eclipse/olphonia/src/test/resources
2022-10-18 13:13:27,064 [Worker-1: Building] INFO  o.e.m.c.i.embedder.EclipseLogger - Using 'UTF-8' encoding to copy filtered resources.
2022-10-18 13:13:27,065 [Worker-1: Building] INFO  o.e.m.c.i.embedder.EclipseLogger - skip non existing resourceDirectory /home/markus/Documents/Olphonia/OlphoniaServer/eclipse/olphonia/src/main/resources
2022-10-18 13:13:27,068 [Worker-1: Building] INFO  o.e.m.c.i.embedder.EclipseLogger - Using 'UTF-8' encoding to copy filtered resources.
2022-10-18 13:13:27,068 [Worker-1: Building] INFO  o.e.m.c.i.embedder.EclipseLogger - skip non existing resourceDirectory /home/markus/Documents/Olphonia/OlphoniaServer/eclipse/olphonia/src/test/resources
2022-10-18 13:13:34,160 [Worker-16: Building] INFO  o.e.m.c.i.embedder.EclipseLogger - Using 'UTF-8' encoding to copy filtered resources.
2022-10-18 13:13:34,160 [Worker-16: Building] INFO  o.e.m.c.i.embedder.EclipseLogger - skip non existing resourceDirectory /home/markus/Documents/Olphonia/OlphoniaServer/eclipse/olphonia/src/main/resources
2022-10-18 13:13:34,161 [Worker-16: Building] INFO  o.e.m.c.i.embedder.EclipseLogger - Using 'UTF-8' encoding to copy filtered resources.
2022-10-18 13:13:34,161 [Worker-16: Building] INFO  o.e.m.c.i.embedder.EclipseLogger - skip non existing resourceDirectory /home/markus/Documents/Olphonia/OlphoniaServer/eclipse/olphonia/src/test/resources
2022-10-18 13:13:51,796 [Worker-2: Building] INFO  o.e.m.c.i.embedder.EclipseLogger - Using 'UTF-8' encoding to copy filtered resources.
2022-10-18 13:13:51,796 [Worker-2: Building] INFO  o.e.m.c.i.embedder.EclipseLogger - skip non existing resourceDirectory /home/markus/Documents/Olphonia/OlphoniaServer/eclipse/client/src/main/resources
2022-10-18 13:13:51,798 [Worker-2: Building] INFO  o.e.m.c.i.embedder.EclipseLogger - Using 'UTF-8' encoding to copy filtered resources.
2022-10-18 13:13:51,798 [Worker-2: Building] INFO  o.e.m.c.i.embedder.EclipseLogger - skip non existing resourceDirectory /home/markus/Documents/Olphonia/OlphoniaServer/eclipse/client/src/test/resources
2022-10-18 13:14:00,028 [Worker-17: Building] INFO  o.e.m.c.i.embedder.EclipseLogger - Using 'UTF-8' encoding to copy filtered resources.
2022-10-18 13:14:00,028 [Worker-17: Building] INFO  o.e.m.c.i.embedder.EclipseLogger - skip non existing resourceDirectory /home/markus/Documents/Olphonia/OlphoniaServer/eclipse/client/src/main/resources
2022-10-18 13:14:00,030 [Worker-17: Building] INFO  o.e.m.c.i.embedder.EclipseLogger - Using 'UTF-8' encoding to copy filtered resources.
2022-10-18 13:14:00,030 [Worker-17: Building] INFO  o.e.m.c.i.embedder.EclipseLogger - skip non existing resourceDirectory /home/markus/Documents/Olphonia/OlphoniaServer/eclipse/client/src/test/resources
2022-10-18 13:14:01,049 [Worker-17: Building] INFO  o.e.m.c.i.embedder.EclipseLogger - Using 'UTF-8' encoding to copy filtered resources.
2022-10-18 13:14:01,049 [Worker-17: Building] INFO  o.e.m.c.i.embedder.EclipseLogger - skip non existing resourceDirectory /home/markus/Documents/Olphonia/OlphoniaServer/eclipse/client/src/main/resources
2022-10-18 13:14:01,051 [Worker-17: Building] INFO  o.e.m.c.i.embedder.EclipseLogger - Using 'UTF-8' encoding to copy filtered resources.
2022-10-18 13:14:01,051 [Worker-17: Building] INFO  o.e.m.c.i.embedder.EclipseLogger - skip non existing resourceDirectory /home/markus/Documents/Olphonia/OlphoniaServer/eclipse/client/src/test/resources
